C:\USERS\YASSINE\DOCUMENTS\OTHER\ALCHIMIE\VISUAL STUDIO 2012\PROJECTS\STORM INJ3CTOR\RELEASE\INIT.OBJ
C:\USERS\YASSINE\DOCUMENTS\OTHER\ALCHIMIE\VISUAL STUDIO 2012\PROJECTS\STORM INJ3CTOR\RELEASE\OPTION.OBJ
C:\USERS\YASSINE\DOCUMENTS\OTHER\ALCHIMIE\VISUAL STUDIO 2012\PROJECTS\STORM INJ3CTOR\RELEASE\MAIN.OBJ
C:\USERS\YASSINE\DOCUMENTS\OTHER\ALCHIMIE\VISUAL STUDIO 2012\PROJECTS\STORM INJ3CTOR\RELEASE\CORE.OBJ
C:\USERS\YASSINE\DOCUMENTS\OTHER\ALCHIMIE\VISUAL STUDIO 2012\PROJECTS\STORM INJ3CTOR\RELEASE\VC110.PDB
C:\USERS\YASSINE\DOCUMENTS\OTHER\ALCHIMIE\VISUAL STUDIO 2012\PROJECTS\STORM INJ3CTOR\RELEASE\STORM INJ3CTOR.EXE
C:\USERS\YASSINE\DOCUMENTS\OTHER\ALCHIMIE\VISUAL STUDIO 2012\PROJECTS\STORM INJ3CTOR\RELEASE\STORM INJ3CTOR.EXE.INTERMEDIATE.MANIFEST
C:\USERS\YASSINE\DOCUMENTS\OTHER\ALCHIMIE\VISUAL STUDIO 2012\PROJECTS\STORM INJ3CTOR\RELEASE\STORM INJ3CTOR.PDB
C:\USERS\YASSINE\DOCUMENTS\OTHER\ALCHIMIE\VISUAL STUDIO 2012\PROJECTS\STORM INJ3CTOR\RELEASE\STORM INJ3CTOR.EXE.MANIFEST
C:\USERS\YASSINE\DOCUMENTS\OTHER\ALCHIMIE\VISUAL STUDIO 2012\PROJECTS\STORM INJ3CTOR\RELEASE\RESOURCE.RES
C:\Users\yassine\Documents\Other\Alchimie\Visual Studio 2012\Projects\Storm inj3ctor\Release\core.obj
C:\Users\yassine\Documents\Other\Alchimie\Visual Studio 2012\Projects\Storm inj3ctor\Release\init.obj
C:\Users\yassine\Documents\Other\Alchimie\Visual Studio 2012\Projects\Storm inj3ctor\Release\main.obj
C:\Users\yassine\Documents\Other\Alchimie\Visual Studio 2012\Projects\Storm inj3ctor\Release\option.obj
C:\Users\yassine\Documents\Other\Alchimie\Visual Studio 2012\Projects\Storm inj3ctor\Release\cl.command.1.tlog
C:\Users\yassine\Documents\Other\Alchimie\Visual Studio 2012\Projects\Storm inj3ctor\Release\CL.read.1.tlog
C:\Users\yassine\Documents\Other\Alchimie\Visual Studio 2012\Projects\Storm inj3ctor\Release\CL.write.1.tlog
C:\Users\yassine\Documents\Other\Alchimie\Visual Studio 2012\Projects\Storm inj3ctor\Release\link-cvtres.read.1.tlog
C:\Users\yassine\Documents\Other\Alchimie\Visual Studio 2012\Projects\Storm inj3ctor\Release\link-cvtres.write.1.tlog
C:\Users\yassine\Documents\Other\Alchimie\Visual Studio 2012\Projects\Storm inj3ctor\Release\link.command.1.tlog
C:\Users\yassine\Documents\Other\Alchimie\Visual Studio 2012\Projects\Storm inj3ctor\Release\link.read.1.tlog
C:\Users\yassine\Documents\Other\Alchimie\Visual Studio 2012\Projects\Storm inj3ctor\Release\link.write.1.tlog
C:\Users\yassine\Documents\Other\Alchimie\Visual Studio 2012\Projects\Storm inj3ctor\Release\mt.command.1.tlog
C:\Users\yassine\Documents\Other\Alchimie\Visual Studio 2012\Projects\Storm inj3ctor\Release\mt.read.1.tlog
C:\Users\yassine\Documents\Other\Alchimie\Visual Studio 2012\Projects\Storm inj3ctor\Release\mt.write.1.tlog
C:\Users\yassine\Documents\Other\Alchimie\Visual Studio 2012\Projects\Storm inj3ctor\Release\rc.command.1.tlog
C:\Users\yassine\Documents\Other\Alchimie\Visual Studio 2012\Projects\Storm inj3ctor\Release\rc.read.1.tlog
C:\Users\yassine\Documents\Other\Alchimie\Visual Studio 2012\Projects\Storm inj3ctor\Release\rc.write.1.tlog
C:\Users\yassine\Documents\Other\Alchimie\Visual Studio 2012\Projects\Storm inj3ctor\Release\Storm inj3ctor.exe.intermediate.manifest
C:\Users\yassine\Documents\Other\Alchimie\Visual Studio 2012\Projects\Storm inj3ctor\Release\Storm inj3ctor.exe.manifest
C:\Users\yassine\Documents\Other\Alchimie\Visual Studio 2012\Projects\Storm inj3ctor\Release\resource.res
C:\Users\yassine\Documents\Other\Alchimie\Visual Studio 2012\Projects\Storm inj3ctor\Release\Storm inj3ctor.pdb
C:\Users\yassine\Documents\Other\Alchimie\Visual Studio 2012\Projects\Storm inj3ctor\Release\vc110.pdb
C:\Users\yassine\Documents\Other\Alchimie\Visual Studio 2012\Projects\Storm inj3ctor\Release\Storm inj3ctor.exe
